<?xml version="1.0" encoding="UTF-8"?>
<!-- Generated by org.testng.reporters.JUnitReportReporter -->
<testsuite hostname="LAPTOP-N5EPQOS9" failures="0" tests="3" name="TestNGTest.DependsConcept" time="0.016" errors="0" timestamp="2021-11-30T04:59:32 IST" skipped="0">
  <testcase classname="TestNGTest.DependsConcept" name="logout" time="0.002"/>
  <system-out/>
  <testcase classname="TestNGTest.DependsConcept" name="demo1" time="0.001"/>
  <system-out/>
  <testcase classname="TestNGTest.DependsConcept" name="login" time="0.013"/>
  <system-out/>
</testsuite> <!-- TestNGTest.DependsConcept -->
