<?xml version="1.0" encoding="UTF-8"?>
<!-- Generated by org.testng.reporters.JUnitReportReporter -->
<testsuite hostname="LAPTOP-N5EPQOS9" failures="0" tests="1" name="TestNGTest.PackageRun" time="0.007" errors="0" timestamp="2021-11-30T04:30:04 IST" skipped="0">
  <testcase classname="TestNGTest.PackageRun" name="demo" time="0.007"/>
  <system-out/>
</testsuite> <!-- TestNGTest.PackageRun -->
