<?xml version="1.0" encoding="UTF-8"?>
<!-- Generated by org.testng.reporters.JUnitReportReporter -->
<testsuite hostname="LAPTOP-N5EPQOS9" failures="0" tests="1" name="TestNGTest.Test2" time="0.001" errors="0" timestamp="2021-12-01T00:38:12 IST" skipped="0">
  <testcase classname="TestNGTest.Test2" name="method2" time="0.001"/>
  <system-out/>
</testsuite> <!-- TestNGTest.Test2 -->
