<?xml version="1.0" encoding="UTF-8"?>
<!-- Generated by org.testng.reporters.JUnitReportReporter -->
<testsuite hostname="LAPTOP-N5EPQOS9" failures="0" tests="1" name="TestNGTest.params_2" time="0.001" errors="0" timestamp="2021-12-01T00:40:21 IST" skipped="0">
  <testcase classname="TestNGTest.params_2" name="param2" time="0.001"/>
  <system-out/>
</testsuite> <!-- TestNGTest.params_2 -->
