<?xml version="1.0" encoding="UTF-8"?>
<!-- Generated by org.testng.reporters.JUnitReportReporter -->
<testsuite hostname="LAPTOP-N5EPQOS9" failures="0" tests="1" name="qaPract.YahooLogin" time="6.360" errors="0" timestamp="2021-12-03T03:16:06 IST" skipped="0">
  <testcase classname="qaPract.YahooLogin" name="login" time="6.360"/>
  <system-out/>
</testsuite> <!-- qaPract.YahooLogin -->
