<?xml version="1.0" encoding="UTF-8"?>
<!-- Generated by org.testng.reporters.JUnitReportReporter -->
<testsuite hostname="LAPTOP-N5EPQOS9" failures="0" tests="3" name="TestNGTest.DataProv" time="0.010" errors="0" timestamp="2021-12-01T01:03:39 IST" skipped="0">
  <testcase classname="TestNGTest.DataProv" name="use" time="0.001"/>
  <system-out/>
  <testcase classname="TestNGTest.DataProv" name="use" time="0.008"/>
  <system-out/>
  <testcase classname="TestNGTest.DataProv" name="use" time="0.001"/>
  <system-out/>
</testsuite> <!-- TestNGTest.DataProv -->
