<?xml version="1.0" encoding="UTF-8"?>
<!-- Generated by org.testng.reporters.JUnitReportReporter -->
<testsuite hostname="LAPTOP-N5EPQOS9" failures="0" tests="2" name="TestNGTest.Test3" time="0.001" errors="0" timestamp="2021-12-01T00:38:12 IST" skipped="0">
  <testcase classname="TestNGTest.Test3" name="method1" time="0.001"/>
  <system-out/>
  <testcase classname="TestNGTest.Test3" name="m3" time="0.000"/>
  <system-out/>
</testsuite> <!-- TestNGTest.Test3 -->
