<?xml version="1.0" encoding="UTF-8"?>
<!-- Generated by org.testng.reporters.JUnitReportReporter -->
<testsuite hostname="LAPTOP-N5EPQOS9" failures="0" tests="1" name="TestNGTest.Extentrep" time="4.842" errors="0" timestamp="2021-12-02T03:36:22 IST" skipped="0">
  <testcase classname="TestNGTest.Extentrep" name="genR" time="4.842"/>
  <system-out/>
</testsuite> <!-- TestNGTest.Extentrep -->
