<?xml version="1.0" encoding="UTF-8"?>
<!-- Generated by org.testng.reporters.JUnitReportReporter -->
<testsuite hostname="LAPTOP-N5EPQOS9" failures="0" tests="3" name="TestNGTest.DataProvDiff" time="0.009" errors="0" timestamp="2021-12-01T01:07:58 IST" skipped="0">
  <testcase classname="TestNGTest.DataProvDiff" name="get" time="0.001"/>
  <system-out/>
  <testcase classname="TestNGTest.DataProvDiff" name="get" time="0.007"/>
  <system-out/>
  <testcase classname="TestNGTest.DataProvDiff" name="get" time="0.001"/>
  <system-out/>
</testsuite> <!-- TestNGTest.DataProvDiff -->
